[debug] [2021-06-06T21:19:29.836Z] ----------------------------------------------------------------------
[debug] [2021-06-06T21:19:29.840Z] Command:       C:\Users\Vicky\DOWNLO~1\firebase-tools-instant-win.exe C:\Users\Vicky\.cache\firebase\tools\lib\node_modules\firebase-tools\lib\bin\firebase init
[debug] [2021-06-06T21:19:29.841Z] CLI Version:   9.12.1
[debug] [2021-06-06T21:19:29.841Z] Platform:      win32
[debug] [2021-06-06T21:19:29.841Z] Node Version:  v12.18.1
[debug] [2021-06-06T21:19:29.843Z] Time:          Mon Jun 07 2021 02:49:29 GMT+0530 (India Standard Time)
[debug] [2021-06-06T21:19:29.843Z] ----------------------------------------------------------------------
[debug] 
[debug] [2021-06-06T21:19:29.854Z] > command requires scopes: ["email","openid","https://www.googleapis.com/auth/cloudplatformprojects.readonly","https://www.googleapis.com/auth/firebase","https://www.googleapis.com/auth/cloud-platform"]
[debug] [2021-06-06T21:19:29.854Z] > authorizing via signed-in user (imvickykumar999@gmail.com)
[info] 
     ######## #### ########  ######## ########     ###     ######  ########
     ##        ##  ##     ## ##       ##     ##  ##   ##  ##       ##
     ######    ##  ########  ######   ########  #########  ######  ######
     ##        ##  ##    ##  ##       ##     ## ##     ##       ## ##
     ##       #### ##     ## ######## ########  ##     ##  ######  ########

You're about to initialize a Firebase project in this directory:

  C:\Users\Vicky\Desktop\Repository\hackathon-iot-car-parking - firebase

[info] 
=== Project Setup
[info] 
[info] First, let's associate this project directory with a Firebase project.
[info] You can create multiple project aliases by running firebase use --add, 
[info] but for now we'll just set up a default project.
[info] 
[debug] [2021-06-06T21:19:40.431Z] > refreshing access token with scopes: []
[debug] [2021-06-06T21:19:40.432Z] >>> HTTP REQUEST POST https://www.googleapis.com/oauth2/v3/token  
 <request body omitted>
[debug] [2021-06-06T21:19:40.677Z] <<< HTTP RESPONSE 200 {"expires":"Mon, 01 Jan 1990 00:00:00 GMT","date":"Sun, 06 Jun 2021 21:19:41 GMT","pragma":"no-cache","cache-control":"no-cache, no-store, max-age=0, must-revalidate","content-type":"application/json; charset=utf-8","vary":"X-Origin, Referer, Origin,Accept-Encoding","server":"scaffolding on HTTPServer2","x-xss-protection":"0","x-frame-options":"SAMEORIGIN","x-content-type-options":"nosniff","alt-svc":"h3-29=\":443\"; ma=2592000,h3-T051=\":443\"; ma=2592000,h3-Q050=\":443\"; ma=2592000,h3-Q046=\":443\"; ma=2592000,h3-Q043=\":443\"; ma=2592000,quic=\":443\"; ma=2592000; v=\"46,43\"","accept-ranges":"none","transfer-encoding":"chunked"}
[debug] [2021-06-06T21:19:40.698Z] >>> [apiv2][query] GET https://firebase.googleapis.com/v1beta1/projects pageSize=100
[debug] [2021-06-06T21:19:41.539Z] <<< [apiv2][status] GET https://firebase.googleapis.com/v1beta1/projects 200
[debug] [2021-06-06T21:19:41.539Z] <<< [apiv2][body] GET https://firebase.googleapis.com/v1beta1/projects [omitted]
[info] i  Using project covid19-slot (covid19 slot) 
[info] 
=== Hosting Setup
[info] 
[info] Your public directory is the folder (relative to your project directory) that
[info] will contain Hosting assets to be uploaded with firebase deploy. If you
[info] have a build process for your assets, use your build's output directory.
[info] 
[debug] [2021-06-06T21:20:11.576Z] >>> [apiv2][query] GET https://www.gstatic.com/firebasejs/releases.json [none]
[debug] [2021-06-06T21:20:11.894Z] <<< [apiv2][status] GET https://www.gstatic.com/firebasejs/releases.json 200
[debug] [2021-06-06T21:20:11.894Z] <<< [apiv2][body] GET https://www.gstatic.com/firebasejs/releases.json {"current":{"version":"8.6.5","browserURL":"https://www.gstatic.com/firebasejs/8.6.5/firebase.js","packageURL":"https://www.gstatic.com/firebasejs/8.6.5/firebase.tgz"},"live":{"version":"8.6","browserURL":"https://www.gstatic.com/firebasejs/live/8.6/firebase.js","packageURL":"https://www.gstatic.com/firebasejs/live/8.6/firebase.tgz"},"components":{"analytics":"https://www.gstatic.com/firebasejs/8.6.5/firebase-analytics.js","app":"https://www.gstatic.com/firebasejs/8.6.5/firebase-app.js","app-check":"https://www.gstatic.com/firebasejs/8.6.5/firebase-app-check.js","auth":"https://www.gstatic.com/firebasejs/8.6.5/firebase-auth.js","database":"https://www.gstatic.com/firebasejs/8.6.5/firebase-database.js","firestore":"https://www.gstatic.com/firebasejs/8.6.5/firebase-firestore.js","functions":"https://www.gstatic.com/firebasejs/8.6.5/firebase-functions.js","installations":"https://www.gstatic.com/firebasejs/8.6.5/firebase-installations.js","messaging":"https://www.gstatic.com/firebasejs/8.6.5/firebase-messaging.js","storage":"https://www.gstatic.com/firebasejs/8.6.5/firebase-storage.js","performance":"https://www.gstatic.com/firebasejs/8.6.5/firebase-performance.js","remote-config":"https://www.gstatic.com/firebasejs/8.6.5/firebase-remote-config.js","firestore.memory":"https://www.gstatic.com/firebasejs/8.6.5/firebase-firestore.memory.js"}}
[info] +  Wrote public/index.html 
[info] 
[info] i  Detected a .git folder at C:\Users\Vicky 
[info] i  Authorizing with GitHub to upload your service account to a GitHub repository's secrets store. 
[info] 
[info] Visit this URL on this device to log in:
[info] https://github.com/login/oauth/authorize?client_id=89cf50f02ac6aaed3484&state=128373761&redirect_uri=http%3A%2F%2Flocalhost%3A9005&scope=read%3Auser%20repo%20public_repo
[info] 
[info] Waiting for authentication...
[debug] [2021-06-06T21:20:43.465Z] >>> HTTP REQUEST POST https://github.com/login/oauth/access_token  
 {"client_id":"89cf50f02ac6aaed3484","client_secret":"3330d14abc895d9a74d5f17cd7a00711fa2c5bf0","code":"80e7266a959be2b1bc17","redirect_uri":"http://localhost:9005","state":"128373761"}
[debug] [2021-06-06T21:20:43.841Z] <<< HTTP RESPONSE 200 {"server":"GitHub.com","date":"Sun, 06 Jun 2021 21:20:44 GMT","content-type":"application/json; charset=utf-8","transfer-encoding":"chunked","vary":"X-PJAX, Accept-Encoding, Accept, X-Requested-With","permissions-policy":"interest-cohort=()","etag":"W/\"ffe8693afbf3f3461ef23a8e0020686f\"","cache-control":"max-age=0, private, must-revalidate","strict-transport-security":"max-age=31536000; includeSubdomains; preload","x-frame-options":"deny","x-content-type-options":"nosniff","x-xss-protection":"0","referrer-policy":"origin-when-cross-origin, strict-origin-when-cross-origin","expect-ct":"max-age=2592000, report-uri=\"https://api.github.com/_private/browser/errors\"","content-security-policy":"default-src 'none'; base-uri 'self'; block-all-mixed-content; connect-src 'self' uploads.github.com www.githubstatus.com collector.githubapp.com api.github.com github-cloud.s3.amazonaws.com github-production-repository-file-5c1aeb.s3.amazonaws.com github-production-upload-manifest-file-7fdce7.s3.amazonaws.com github-production-user-asset-6210df.s3.amazonaws.com html-translator.herokuapp.com cdn.optimizely.com logx.optimizely.com/v1/events wss://alive.github.com; font-src github.githubassets.com; form-action 'self' github.com gist.github.com; frame-ancestors 'none'; frame-src render.githubusercontent.com; img-src 'self' data: github.githubassets.com identicons.github.com collector.githubapp.com github-cloud.s3.amazonaws.com secured-user-images.githubusercontent.com/ *.githubusercontent.com; manifest-src 'self'; media-src 'none'; script-src github.githubassets.com; style-src 'unsafe-inline' github.githubassets.com; worker-src github.com/socket-worker-3f088aa2.js gist.github.com/socket-worker-3f088aa2.js","x-github-request-id":"EFE2:56BF:2ED51F:3C2191:60BD3C2B"}
[debug] [2021-06-06T21:20:43.854Z] >>> [apiv2][query] GET https://api.github.com/user [none]
[debug] [2021-06-06T21:20:44.229Z] <<< [apiv2][status] GET https://api.github.com/user 200
[debug] [2021-06-06T21:20:44.229Z] <<< [apiv2][body] GET https://api.github.com/user {"login":"imvickykumar999","id":50515418,"node_id":"MDQ6VXNlcjUwNTE1NDE4","avatar_url":"https://avatars.githubusercontent.com/u/50515418?v=4","gravatar_id":"","url":"https://api.github.com/users/imvickykumar999","html_url":"https://github.com/imvickykumar999","followers_url":"https://api.github.com/users/imvickykumar999/followers","following_url":"https://api.github.com/users/imvickykumar999/following{/other_user}","gists_url":"https://api.github.com/users/imvickykumar999/gists{/gist_id}","starred_url":"https://api.github.com/users/imvickykumar999/starred{/owner}{/repo}","subscriptions_url":"https://api.github.com/users/imvickykumar999/subscriptions","organizations_url":"https://api.github.com/users/imvickykumar999/orgs","repos_url":"https://api.github.com/users/imvickykumar999/repos","events_url":"https://api.github.com/users/imvickykumar999/events{/privacy}","received_events_url":"https://api.github.com/users/imvickykumar999/received_events","type":"User","site_admin":false,"name":"Vicky Kumar","company":"Parken Solution Information Technology & Services Jaipur, Rajasthan","blog":"https://www.linkedin.com/in/imvickykumar999","location":"Delhi NCR, Noida sec-41, Uttar Pradesh","email":"imvickykumar999@gmail.com","hireable":true,"bio":"Home Automation || Participated in OnspotHackathon NIT || Python/C++ || Arduino || Android || DataStructure || AWS || Firebase","twitter_username":"Vickyku27424662","public_repos":216,"public_gists":4,"followers":36,"following":301,"created_at":"2019-05-11T09:14:16Z","updated_at":"2021-06-06T21:20:43Z","private_gists":1,"total_private_repos":3,"owned_private_repos":3,"disk_usage":670252,"collaborators":0,"two_factor_authentication":false,"plan":{"name":"free","space":976562499,"collaborators":0,"private_repos":10000}}
[info] 
[info] +  Success! Logged into GitHub as imvickykumar999 
[info] 
